<?xml version="1.0" encoding="UTF-8"?>
<testng-results skipped="0" failed="0" total="2" passed="2">
  <reporter-output>
  </reporter-output>
  <suite name="My suite" duration-ms="47959" started-at="2016-03-17T13:56:53Z" finished-at="2016-03-17T13:57:41Z">
    <groups>
    </groups>
    <test name="login" duration-ms="47959" started-at="2016-03-17T13:56:53Z" finished-at="2016-03-17T13:57:41Z">
      <class name="com.gktech.testcases.resources.Login">
        <test-method status="PASS" signature="gmail()[pri:0, instance:com.gktech.testcases.resources.Login@7f690630]" name="gmail" duration-ms="27844" started-at="2016-03-17T19:26:53Z" finished-at="2016-03-17T19:27:21Z">
          <reporter-output>
          </reporter-output>
        </test-method> <!-- gmail -->
        <test-method status="PASS" signature="quikr()[pri:0, instance:com.gktech.testcases.resources.Login@7f690630]" name="quikr" duration-ms="20090" started-at="2016-03-17T19:27:21Z" finished-at="2016-03-17T19:27:41Z">
          <reporter-output>
          </reporter-output>
        </test-method> <!-- quikr -->
      </class> <!-- com.gktech.testcases.resources.Login -->
    </test> <!-- login -->
  </suite> <!-- My suite -->
</testng-results>
